CRITICAL - 2022-08-11 20:47:31 --> Maximum execution time of 60 seconds exceeded
in APPPATH\Views\pages\depan.php on line 103.
 1 [internal function]: CodeIgniter\Debug\Exceptions->shutdownHandler()
CRITICAL - 2022-08-11 20:48:31 --> Maximum execution time of 60 seconds exceeded
in APPPATH\Views\pages\depan.php on line 103.
 1 [internal function]: CodeIgniter\Debug\Exceptions->shutdownHandler()
CRITICAL - 2022-08-11 20:50:13 --> Maximum execution time of 60 seconds exceeded
in APPPATH\Views\pages\depan.php on line 103.
 1 [internal function]: CodeIgniter\Debug\Exceptions->shutdownHandler()
CRITICAL - 2022-08-11 21:00:22 --> rand() expects exactly 2 parameters, 1 given
in APPPATH\Views\pages\depan.php on line 105.
 1 [internal function]: CodeIgniter\Debug\Exceptions->errorHandler(2, 'rand() expects exactly 2 parameters, 1 given', 'APPPATH\\Views\\pages\\depan.php', 105, [...])
 2 APPPATH\Views\pages\depan.php(105): rand(1660269622)
 3 SYSTEMPATH\View\View.php(213): include('APPPATH\\Views\\pages\\depan.php')
 4 SYSTEMPATH\View\View.php(216): CodeIgniter\View\View->CodeIgniter\View\{closure}()
 5 SYSTEMPATH\Common.php(1135): CodeIgniter\View\View->render('pages/depan', [], true)
 6 APPPATH\Controllers\Parkir.php(75): view('pages/depan', [...])
 7 SYSTEMPATH\CodeIgniter.php(896): App\Controllers\Parkir->depan()
 8 SYSTEMPATH\CodeIgniter.php(466): CodeIgniter\CodeIgniter->runController(Object(App\Controllers\Parkir))
 9 SYSTEMPATH\CodeIgniter.php(349): CodeIgniter\CodeIgniter->handleRequest(null, Object(Config\Cache), false)
10 FCPATH\index.php(55): CodeIgniter\CodeIgniter->run()
11 SYSTEMPATH\Commands\Server\rewrite.php(43): require_once('FCPATH\\index.php')
