ERROR - 2022-08-04 01:23:36 --> You have an error in your SQL syntax; check the manual that corresponds to your MariaDB server version for the right syntax to use near '['','Menunggu Perbaikan', 'Menunggu Sparepart', 'Menunggu Pengambilan'](255) ...' at line 7
ERROR - 2022-08-04 01:27:43 --> Invalid default value for 'status'
ERROR - 2022-08-04 01:28:12 --> Table 'tb_model_kendaraan' already exists
ERROR - 2022-08-04 01:28:15 --> Table 'tb_model_kendaraan' already exists
CRITICAL - 2022-08-04 01:33:29 --> Invalid file: pages.main
in SYSTEMPATH\Exceptions\FrameworkException.php on line 33.
 1 SYSTEMPATH\View\View.php(201): CodeIgniter\Exceptions\FrameworkException::forInvalidFile('pages.main')
 2 SYSTEMPATH\Common.php(1135): CodeIgniter\View\View->render('pages.main', [], true)
 3 APPPATH\Controllers\Parkir.php(11): view('pages.main')
 4 SYSTEMPATH\CodeIgniter.php(896): App\Controllers\Parkir->index()
 5 SYSTEMPATH\CodeIgniter.php(466): CodeIgniter\CodeIgniter->runController(Object(App\Controllers\Parkir))
 6 SYSTEMPATH\CodeIgniter.php(349): CodeIgniter\CodeIgniter->handleRequest(null, Object(Config\Cache), false)
 7 FCPATH\index.php(55): CodeIgniter\CodeIgniter->run()
 8 SYSTEMPATH\Commands\Server\rewrite.php(43): require_once('FCPATH\\index.php')
ERROR - 2022-08-04 01:47:00 --> Table 'parking.tb_parkir' doesn't exist
CRITICAL - 2022-08-04 01:47:00 --> Table 'parking.tb_parkir' doesn't exist
in SYSTEMPATH\Database\MySQLi\Connection.php on line 292.
 1 SYSTEMPATH\Database\MySQLi\Connection.php(292): mysqli->query('SELECT *
FROM `tb_parkir`
WHERE `lokasi` = \'DEPAN\'', 0)
 2 SYSTEMPATH\Database\BaseConnection.php(695): CodeIgniter\Database\MySQLi\Connection->execute('SELECT *
FROM `tb_parkir`
WHERE `lokasi` = \'DEPAN\'')
 3 SYSTEMPATH\Database\BaseConnection.php(609): CodeIgniter\Database\BaseConnection->simpleQuery('SELECT *
FROM `tb_parkir`
WHERE `lokasi` = \'DEPAN\'')
 4 SYSTEMPATH\Database\BaseBuilder.php(1585): CodeIgniter\Database\BaseConnection->query('SELECT *
FROM `tb_parkir`
WHERE `lokasi` = :lokasi:', [...], false)
 5 APPPATH\Models\ParkirModel.php(22): CodeIgniter\Database\BaseBuilder->get()
 6 APPPATH\Controllers\Parkir.php(19): App\Models\ParkirModel->_getAllParkirByLocation('DEPAN')
 7 SYSTEMPATH\CodeIgniter.php(896): App\Controllers\Parkir->index()
 8 SYSTEMPATH\CodeIgniter.php(466): CodeIgniter\CodeIgniter->runController(Object(App\Controllers\Parkir))
 9 SYSTEMPATH\CodeIgniter.php(349): CodeIgniter\CodeIgniter->handleRequest(null, Object(Config\Cache), false)
10 FCPATH\index.php(55): CodeIgniter\CodeIgniter->run()
11 SYSTEMPATH\Commands\Server\rewrite.php(43): require_once('FCPATH\\index.php')
CRITICAL - 2022-08-04 01:59:16 --> Trying to access array offset on value of type int
in APPPATH\Controllers\Parkir.php on line 21.
 1 APPPATH\Controllers\Parkir.php(21): CodeIgniter\Debug\Exceptions->errorHandler(8, 'Trying to access array offset on value of type int', 'APPPATH\\Controllers\\Parkir.php', 21, [...])
 2 SYSTEMPATH\CodeIgniter.php(896): App\Controllers\Parkir->index()
 3 SYSTEMPATH\CodeIgniter.php(466): CodeIgniter\CodeIgniter->runController(Object(App\Controllers\Parkir))
 4 SYSTEMPATH\CodeIgniter.php(349): CodeIgniter\CodeIgniter->handleRequest(null, Object(Config\Cache), false)
 5 FCPATH\index.php(55): CodeIgniter\CodeIgniter->run()
 6 SYSTEMPATH\Commands\Server\rewrite.php(43): require_once('FCPATH\\index.php')
CRITICAL - 2022-08-04 02:00:04 --> array_column() expects at least 2 parameters, 1 given
in APPPATH\Controllers\Parkir.php on line 21.
 1 [internal function]: CodeIgniter\Debug\Exceptions->errorHandler(2, 'array_column() expects at least 2 parameters, 1 given', 'APPPATH\\Controllers\\Parkir.php', 21, [...])
 2 APPPATH\Controllers\Parkir.php(21): array_column([...])
 3 SYSTEMPATH\CodeIgniter.php(896): App\Controllers\Parkir->index()
 4 SYSTEMPATH\CodeIgniter.php(466): CodeIgniter\CodeIgniter->runController(Object(App\Controllers\Parkir))
 5 SYSTEMPATH\CodeIgniter.php(349): CodeIgniter\CodeIgniter->handleRequest(null, Object(Config\Cache), false)
 6 FCPATH\index.php(55): CodeIgniter\CodeIgniter->run()
 7 SYSTEMPATH\Commands\Server\rewrite.php(43): require_once('FCPATH\\index.php')
CRITICAL - 2022-08-04 02:11:16 --> Undefined variable: cars
in APPPATH\Controllers\Parkir.php on line 21.
 1 APPPATH\Controllers\Parkir.php(21): CodeIgniter\Debug\Exceptions->errorHandler(8, 'Undefined variable: cars', 'APPPATH\\Controllers\\Parkir.php', 21, [...])
 2 SYSTEMPATH\CodeIgniter.php(896): App\Controllers\Parkir->index()
 3 SYSTEMPATH\CodeIgniter.php(466): CodeIgniter\CodeIgniter->runController(Object(App\Controllers\Parkir))
 4 SYSTEMPATH\CodeIgniter.php(349): CodeIgniter\CodeIgniter->handleRequest(null, Object(Config\Cache), false)
 5 FCPATH\index.php(55): CodeIgniter\CodeIgniter->run()
 6 SYSTEMPATH\Commands\Server\rewrite.php(43): require_once('FCPATH\\index.php')
CRITICAL - 2022-08-04 02:11:30 --> array_column() expects parameter 1 to be array, string given
in APPPATH\Controllers\Parkir.php on line 21.
 1 [internal function]: CodeIgniter\Debug\Exceptions->errorHandler(2, 'array_column() expects parameter 1 to be array, string given', 'APPPATH\\Controllers\\Parkir.php', 21, [...])
 2 APPPATH\Controllers\Parkir.php(21): array_column('[{"id":"3","grup":"A","position":"4","model_code":"RZE","license_plate":"B5541515","status":"Menunggu Sparepart","lokasi":"DEPAN","created_at":null,"updated_at":null},{"id":"1","grup":"A","position":"5","model_code":"INV","license_plate":"B668ASD","status":"Menunggu Perbaikan","lokasi":"DEPAN","created_at":null,"updated_at":null},{"id":"4","grup":"A","position":"9","model_code":"FTR","license_plate":"B787ASD","status":"Menunggu Sparepart","lokasi":"DEPAN","created_at":null,"updated_at":null}]', 'id')
 3 SYSTEMPATH\CodeIgniter.php(896): App\Controllers\Parkir->index()
 4 SYSTEMPATH\CodeIgniter.php(466): CodeIgniter\CodeIgniter->runController(Object(App\Controllers\Parkir))
 5 SYSTEMPATH\CodeIgniter.php(349): CodeIgniter\CodeIgniter->handleRequest(null, Object(Config\Cache), false)
 6 FCPATH\index.php(55): CodeIgniter\CodeIgniter->run()
 7 SYSTEMPATH\Commands\Server\rewrite.php(43): require_once('FCPATH\\index.php')
CRITICAL - 2022-08-04 02:32:56 --> Undefined offset: 5
in APPPATH\Controllers\Parkir.php on line 36.
 1 APPPATH\Controllers\Parkir.php(36): CodeIgniter\Debug\Exceptions->errorHandler(8, 'Undefined offset: 5', 'APPPATH\\Controllers\\Parkir.php', 36, [...])
 2 SYSTEMPATH\CodeIgniter.php(896): App\Controllers\Parkir->index()
 3 SYSTEMPATH\CodeIgniter.php(466): CodeIgniter\CodeIgniter->runController(Object(App\Controllers\Parkir))
 4 SYSTEMPATH\CodeIgniter.php(349): CodeIgniter\CodeIgniter->handleRequest(null, Object(Config\Cache), false)
 5 FCPATH\index.php(55): CodeIgniter\CodeIgniter->run()
 6 SYSTEMPATH\Commands\Server\rewrite.php(43): require_once('FCPATH\\index.php')
CRITICAL - 2022-08-04 02:34:40 --> syntax error, unexpected '.', expecting elseif (T_ELSEIF) or else (T_ELSE) or endif (T_ENDIF)
in APPPATH\Views\pages\main.php on line 38.
 1 SYSTEMPATH\View\View.php(216): CodeIgniter\View\View->CodeIgniter\View\{closure}()
 2 SYSTEMPATH\Common.php(1135): CodeIgniter\View\View->render('pages/main', [], true)
 3 APPPATH\Controllers\Parkir.php(45): view('pages/main', [...])
 4 SYSTEMPATH\CodeIgniter.php(896): App\Controllers\Parkir->index()
 5 SYSTEMPATH\CodeIgniter.php(466): CodeIgniter\CodeIgniter->runController(Object(App\Controllers\Parkir))
 6 SYSTEMPATH\CodeIgniter.php(349): CodeIgniter\CodeIgniter->handleRequest(null, Object(Config\Cache), false)
 7 FCPATH\index.php(55): CodeIgniter\CodeIgniter->run()
 8 SYSTEMPATH\Commands\Server\rewrite.php(43): require_once('FCPATH\\index.php')
