CRITICAL - 2022-08-08 02:49:50 --> Maximum execution time of 60 seconds exceeded
in APPPATH\Views\pages\stall_bp.php on line 36.
 1 [internal function]: CodeIgniter\Debug\Exceptions->shutdownHandler()
CRITICAL - 2022-08-08 02:50:50 --> Maximum execution time of 60 seconds exceeded
in APPPATH\Views\pages\stall_bp.php on line 36.
 1 [internal function]: CodeIgniter\Debug\Exceptions->shutdownHandler()
CRITICAL - 2022-08-08 02:51:53 --> Maximum execution time of 60 seconds exceeded
in APPPATH\Views\pages\stall_bp.php on line 36.
 1 [internal function]: CodeIgniter\Debug\Exceptions->shutdownHandler()
CRITICAL - 2022-08-08 03:23:28 --> Undefined variable: model
in APPPATH\Views\pages\stall_bp.php on line 172.
 1 APPPATH\Views\pages\stall_bp.php(172): CodeIgniter\Debug\Exceptions->errorHandler(8, 'Undefined variable: model', 'APPPATH\\Views\\pages\\stall_bp.php', 172, [...])
 2 SYSTEMPATH\View\View.php(213): include('APPPATH\\Views\\pages\\stall_bp.php')
 3 SYSTEMPATH\View\View.php(216): CodeIgniter\View\View->CodeIgniter\View\{closure}()
 4 SYSTEMPATH\Common.php(1135): CodeIgniter\View\View->render('pages/stall_bp', [], true)
 5 APPPATH\Controllers\Parkir.php(76): view('pages/stall_bp', [...])
 6 SYSTEMPATH\CodeIgniter.php(896): App\Controllers\Parkir->stall_bp()
 7 SYSTEMPATH\CodeIgniter.php(466): CodeIgniter\CodeIgniter->runController(Object(App\Controllers\Parkir))
 8 SYSTEMPATH\CodeIgniter.php(349): CodeIgniter\CodeIgniter->handleRequest(null, Object(Config\Cache), false)
 9 FCPATH\index.php(55): CodeIgniter\CodeIgniter->run()
10 SYSTEMPATH\Commands\Server\rewrite.php(43): require_once('FCPATH\\index.php')
CRITICAL - 2022-08-08 04:13:11 --> Trying to access array offset on value of type null
in APPPATH\Controllers\Parkir.php on line 132.
 1 APPPATH\Controllers\Parkir.php(132): CodeIgniter\Debug\Exceptions->errorHandler(8, 'Trying to access array offset on value of type null', 'APPPATH\\Controllers\\Parkir.php', 132, [...])
 2 SYSTEMPATH\CodeIgniter.php(896): App\Controllers\Parkir->update_posisi()
 3 SYSTEMPATH\CodeIgniter.php(466): CodeIgniter\CodeIgniter->runController(Object(App\Controllers\Parkir))
 4 SYSTEMPATH\CodeIgniter.php(349): CodeIgniter\CodeIgniter->handleRequest(null, Object(Config\Cache), false)
 5 FCPATH\index.php(55): CodeIgniter\CodeIgniter->run()
 6 SYSTEMPATH\Commands\Server\rewrite.php(43): require_once('FCPATH\\index.php')
